<?xml version="1.0" encoding="utf-8"?><testsuites name="pytest tests"><testsuite name="pytest" errors="0" failures="0" skipped="0" tests="12" time="3.855" timestamp="2026-02-22T15:02:33.421544+00:00" hostname="agent-env-40c2c9e9-28d4-490e-9075-6726481ac69a"><testcase classname="tests.test_ocean_color.TestHealthAndBasics" name="test_api_root" time="0.150" /><testcase classname="tests.test_ocean_color.TestAdminAuth" name="test_admin_login_success" time="0.098" /><testcase classname="tests.test_ocean_color.TestAdminAuth" name="test_admin_login_failure" time="0.100" /><testcase classname="tests.test_ocean_color.TestReferencesAPI" name="test_get_public_references" time="0.109" /><testcase classname="tests.test_ocean_color.TestReferencesAPI" name="test_get_admin_references" time="0.225" /><testcase classname="tests.test_ocean_color.TestReferencesAPI" name="test_get_categories" time="0.110" /><testcase classname="tests.test_ocean_color.TestReferencesAPI" name="test_media_stats" time="0.217" /><testcase classname="tests.test_ocean_color.TestLeadsWithDistance" name="test_create_lead_with_distance" time="1.940" /><testcase classname="tests.test_ocean_color.TestLeadsWithDistance" name="test_get_leads_with_distance" time="0.228" /><testcase classname="tests.test_ocean_color.TestLeadsWithDistance" name="test_get_admin_stats" time="0.236" /><testcase classname="tests.test_ocean_color.TestPriceCalculation" name="test_calculate_price_basic" time="0.116" /><testcase classname="tests.test_ocean_color.TestMediaUpload" name="test_upload_image_generates_webp" time="0.266" /></testsuite></testsuites>