<?xml version="1.0" encoding="utf-8"?><testsuites name="pytest tests"><testsuite name="pytest" errors="0" failures="1" skipped="0" tests="12" time="4.283" timestamp="2026-02-22T15:00:44.096823+00:00" hostname="agent-env-40c2c9e9-28d4-490e-9075-6726481ac69a"><testcase classname="tests.test_ocean_color.TestHealthAndBasics" name="test_api_root" time="0.185" /><testcase classname="tests.test_ocean_color.TestAdminAuth" name="test_admin_login_success" time="0.122" /><testcase classname="tests.test_ocean_color.TestAdminAuth" name="test_admin_login_failure" time="0.102" /><testcase classname="tests.test_ocean_color.TestReferencesAPI" name="test_get_public_references" time="0.230" /><testcase classname="tests.test_ocean_color.TestReferencesAPI" name="test_get_admin_references" time="0.243" /><testcase classname="tests.test_ocean_color.TestReferencesAPI" name="test_get_categories" time="0.165" /><testcase classname="tests.test_ocean_color.TestReferencesAPI" name="test_media_stats" time="0.230" /><testcase classname="tests.test_ocean_color.TestLeadsWithDistance" name="test_create_lead_with_distance" time="1.946" /><testcase classname="tests.test_ocean_color.TestLeadsWithDistance" name="test_get_leads_with_distance" time="0.256" /><testcase classname="tests.test_ocean_color.TestLeadsWithDistance" name="test_get_admin_stats" time="0.250" /><testcase classname="tests.test_ocean_color.TestPriceCalculation" name="test_calculate_price_basic" time="0.103"><failure message="assert 422 == 200&#10; +  where 422 = &lt;Response [422]&gt;.status_code">tests/test_ocean_color.py:231: in test_calculate_price_basic
    assert response.status_code == 200
E   assert 422 == 200
E    +  where 422 = &lt;Response [422]&gt;.status_code</failure></testcase><testcase classname="tests.test_ocean_color.TestMediaUpload" name="test_upload_image_generates_webp" time="0.311" /></testsuite></testsuites>